<?xml version="1.0" encoding="UTF-8"?>
<!-- Generated by org.testng.reporters.JUnitReportReporter -->
<testsuite skipped="0" hostname="Shreyash" name="com.DisplayBookshelves.module.TestUrbanLadder" tests="3" failures="0" timestamp="2021-03-03T21:15:59 IST" time="28.344" errors="0">
  <testcase name="displayDetailsOfFirstThreeBookshelves" time="22.021" classname="com.DisplayBookshelves.module.TestUrbanLadder"/>
  <system-out/>
  <testcase name="collections_SubMenuItemsDisplay" time="2.159" classname="com.DisplayBookshelves.module.TestUrbanLadder"/>
  <system-out/>
  <testcase name="giftCards_WithInvalidDetails" time="4.164" classname="com.DisplayBookshelves.module.TestUrbanLadder"/>
  <system-out/>
</testsuite> <!-- com.DisplayBookshelves.module.TestUrbanLadder -->
