<?xml version="1.0" encoding="UTF-8"?>
<!-- Generated by org.testng.reporters.JUnitReportReporter -->
<testsuite skipped="0" hostname="Shreyash" name="com.DisplayBookshelves.module.TestingOnSeleniumGrid" tests="3" failures="0" timestamp="2021-03-03T21:05:23 IST" time="29.929" errors="0">
  <testcase name="displayDetailsOfFirstThreeBookshelves" time="21.282" classname="com.DisplayBookshelves.module.TestingOnSeleniumGrid"/>
  <system-out/>
  <testcase name="collections_SubMenuItemsDisplay" time="2.572" classname="com.DisplayBookshelves.module.TestingOnSeleniumGrid"/>
  <system-out/>
  <testcase name="giftCards_WithInvalidDetails" time="6.075" classname="com.DisplayBookshelves.module.TestingOnSeleniumGrid"/>
  <system-out/>
</testsuite> <!-- com.DisplayBookshelves.module.TestingOnSeleniumGrid -->
